<?xml version="1.0" encoding="UTF-8"?>
<!-- Generated by org.testng.reporters.JUnitReportReporter -->
<testsuite hostname="kprabamca" failures="0" tests="1" name="testCases.TC001_AccountRegistration" time="2.072" errors="0" timestamp="2025-08-01T13:25:58 IST" skipped="0">
  <testcase classname="testCases.TC001_AccountRegistration" name="verify_account_registration" time="2.072"/>
  <system-out/>
</testsuite> <!-- testCases.TC001_AccountRegistration -->
