<?xml version="1.0" encoding="UTF-8"?>
<!-- Generated by org.testng.reporters.JUnitReportReporter -->
<testsuite hostname="kprabamca" failures="0" tests="2" name="testBaseSample.TC001_AccountRegistration1" time="4.456" errors="0" timestamp="2025-07-30T21:22:32 IST" skipped="0">
  <testcase classname="testBaseSample.TC001_AccountRegistration1" name="verify_account_registration" time="2.114"/>
  <system-out/>
  <testcase classname="testBaseSample.TC001_AccountRegistration1" name="verify_account_registration" time="2.342"/>
  <system-out/>
</testsuite> <!-- testBaseSample.TC001_AccountRegistration1 -->
